13:14:10  INFO      __main__: === SMOKE TEST START  run_seconds=300  log=logs/smoke_20260524_131410.log ===
13:14:13  INFO      alpaca_options.client: Alpaca paper-trading clients initialised (paper=True).
13:14:13  INFO      alpaca_options.live.runner: LiveRunner started in DRY-RUN mode — no orders will be submitted. entry_poll=15s  monitor_poll=10s
13:14:13  INFO      __main__: Runner started — poll_entry=15s  poll_monitor=10s  auto_stop_in=300s  dry_run=True
13:14:13  INFO      __main__: Log file: /Users/andrewlao/alpaca-options/logs/smoke_20260524_131410.log
13:14:13  INFO      alpaca_options.live.runner: LiveRunner.run() started — entry_poll=15s  monitor_poll=10s  dry_run=True
13:14:13  INFO      alpaca_options.live.runner: [16:14:13] TICK action=skip  reason=market_closed  day=weekend  next_open=09:30 ET Mon–Fri
13:14:28  INFO      alpaca_options.live.runner: [16:14:28] TICK action=skip  reason=market_closed  day=weekend  next_open=09:30 ET Mon–Fri
13:14:43  INFO      alpaca_options.live.runner: [16:14:43] TICK action=skip  reason=market_closed  day=weekend  next_open=09:30 ET Mon–Fri
13:14:58  INFO      alpaca_options.live.runner: [16:14:58] TICK action=skip  reason=market_closed  day=weekend  next_open=09:30 ET Mon–Fri
13:15:13  INFO      alpaca_options.live.runner: [16:15:13] TICK action=skip  reason=market_closed  day=weekend  next_open=09:30 ET Mon–Fri
13:15:28  INFO      alpaca_options.live.runner: [16:15:28] TICK action=skip  reason=market_closed  day=weekend  next_open=09:30 ET Mon–Fri
13:15:43  INFO      alpaca_options.live.runner: [16:15:43] TICK action=skip  reason=market_closed  day=weekend  next_open=09:30 ET Mon–Fri
13:15:58  INFO      alpaca_options.live.runner: [16:15:58] TICK action=skip  reason=market_closed  day=weekend  next_open=09:30 ET Mon–Fri
13:16:13  INFO      alpaca_options.live.runner: [16:16:13] TICK action=skip  reason=market_closed  day=weekend  next_open=09:30 ET Mon–Fri
13:16:28  INFO      alpaca_options.live.runner: [16:16:28] TICK action=skip  reason=market_closed  day=weekend  next_open=09:30 ET Mon–Fri
13:16:43  INFO      alpaca_options.live.runner: [16:16:43] TICK action=skip  reason=market_closed  day=weekend  next_open=09:30 ET Mon–Fri
13:16:58  INFO      alpaca_options.live.runner: [16:16:58] TICK action=skip  reason=market_closed  day=weekend  next_open=09:30 ET Mon–Fri
13:17:13  INFO      alpaca_options.live.runner: [16:17:13] TICK action=skip  reason=market_closed  day=weekend  next_open=09:30 ET Mon–Fri
13:17:28  INFO      alpaca_options.live.runner: [16:17:28] TICK action=skip  reason=market_closed  day=weekend  next_open=09:30 ET Mon–Fri
13:17:43  INFO      alpaca_options.live.runner: [16:17:43] TICK action=skip  reason=market_closed  day=weekend  next_open=09:30 ET Mon–Fri
13:17:58  INFO      alpaca_options.live.runner: [16:17:58] TICK action=skip  reason=market_closed  day=weekend  next_open=09:30 ET Mon–Fri
13:18:13  INFO      alpaca_options.live.runner: [16:18:13] TICK action=skip  reason=market_closed  day=weekend  next_open=09:30 ET Mon–Fri
13:18:28  INFO      alpaca_options.live.runner: [16:18:28] TICK action=skip  reason=market_closed  day=weekend  next_open=09:30 ET Mon–Fri
13:18:43  INFO      alpaca_options.live.runner: [16:18:43] TICK action=skip  reason=market_closed  day=weekend  next_open=09:30 ET Mon–Fri
13:18:58  INFO      alpaca_options.live.runner: [16:18:58] TICK action=skip  reason=market_closed  day=weekend  next_open=09:30 ET Mon–Fri
13:19:13  INFO      alpaca_options.live.runner: SIGINT received — initiating graceful shutdown.
13:19:13  INFO      alpaca_options.live.runner: SHUTDOWN: flushing log handlers.
13:19:13  INFO      __main__: === SMOKE TEST END (clean shutdown) ===
